[2025-05-23 13:59:48] INFO [tasks.tasks:31] - 当前目录: /Users/gszhao/code/小红书/帮忙写个前端功能/image_processing_system/backend/tasks
[2025-05-23 13:59:48] INFO [tasks.tasks:32] - 基础目录: /Users/gszhao/code/小红书/帮忙写个前端功能/image_processing_system/backend
[2025-05-23 13:59:48] INFO [tasks.tasks:62] - 工作进程已启动，PID: 56459
[2025-05-23 13:59:49] INFO [tasks.tasks:31] - 当前目录: /Users/gszhao/code/小红书/帮忙写个前端功能/image_processing_system/backend/tasks
[2025-05-23 13:59:49] INFO [tasks.tasks:32] - 基础目录: /Users/gszhao/code/小红书/帮忙写个前端功能/image_processing_system/backend
[2025-05-23 13:59:49] INFO [tasks.tasks:62] - 工作进程已启动，PID: 56472
[2025-05-23 13:59:49] INFO [django.utils.autoreload:667] - Watching for file changes with StatReloader
[2025-05-23 13:59:56] INFO [django.server:213] - "OPTIONS /api/reports/ HTTP/1.1" 200 0
[2025-05-23 13:59:56] WARNING [django.request:248] - Unauthorized: /api/reports/
[2025-05-23 13:59:56] WARNING [django.server:213] - "GET /api/reports/ HTTP/1.1" 401 171
[2025-05-23 14:00:00] INFO [django.server:213] - "OPTIONS /api/auth/login/ HTTP/1.1" 200 0
[2025-05-23 14:00:00] INFO [django.server:213] - "POST /api/auth/login/ HTTP/1.1" 200 330
[2025-05-23 14:00:00] INFO [django.server:213] - "OPTIONS /api/images/ HTTP/1.1" 200 0
[2025-05-23 14:00:00] INFO [django.server:213] - "GET /api/images/ HTTP/1.1" 200 3678
[2025-05-23 14:00:00] INFO [django.server:213] - "OPTIONS /api/tasks/ HTTP/1.1" 200 0
[2025-05-23 14:00:00] DEBUG [tasks.status_updater:19] - 开始更新任务状态
[2025-05-23 14:00:00] DEBUG [tasks.status_updater:171] - 任务状态更新完成，已更新 0 个任务，创建 0 个报告
[2025-05-23 14:00:00] DEBUG [tasks.views:41] - 任务状态已更新
[2025-05-23 14:00:00] INFO [django.server:213] - "GET /api/tasks/ HTTP/1.1" 200 2873
[2025-05-23 14:00:00] INFO [django.server:213] - "GET /api/reports/ HTTP/1.1" 200 2665
[2025-05-23 14:00:02] DEBUG [tasks.status_updater:19] - 开始更新任务状态
[2025-05-23 14:00:02] DEBUG [tasks.status_updater:171] - 任务状态更新完成，已更新 0 个任务，创建 0 个报告
[2025-05-23 14:00:02] INFO [django.server:213] - "GET /api/images/ HTTP/1.1" 200 3678
[2025-05-23 14:00:02] DEBUG [tasks.views:41] - 任务状态已更新
[2025-05-23 14:00:02] INFO [django.server:213] - "GET /api/images/ HTTP/1.1" 200 3678
[2025-05-23 14:00:02] INFO [django.server:213] - "GET /api/tasks/ HTTP/1.1" 200 2873
[2025-05-23 14:00:02] INFO [django.server:213] - "GET /api/tasks/ HTTP/1.1" 200 2873
[2025-05-23 14:00:10] INFO [django.server:213] - "OPTIONS /api/tasks/169/ HTTP/1.1" 200 0
[2025-05-23 14:00:10] DEBUG [tasks.status_updater:19] - 开始更新任务状态
[2025-05-23 14:00:10] DEBUG [tasks.status_updater:171] - 任务状态更新完成，已更新 0 个任务，创建 0 个报告
[2025-05-23 14:00:10] DEBUG [tasks.views:41] - 任务状态已更新
[2025-05-23 14:00:10] INFO [django.server:213] - "DELETE /api/tasks/169/ HTTP/1.1" 204 0
[2025-05-23 14:00:10] INFO [django.server:213] - "GET /api/images/ HTTP/1.1" 200 3678
[2025-05-23 14:00:10] INFO [django.server:213] - "GET /api/tasks/ HTTP/1.1" 200 2269
[2025-05-23 14:00:11] INFO [django.server:213] - "OPTIONS /api/tasks/168/ HTTP/1.1" 200 0
[2025-05-23 14:00:11] DEBUG [tasks.status_updater:19] - 开始更新任务状态
[2025-05-23 14:00:11] DEBUG [tasks.status_updater:171] - 任务状态更新完成，已更新 0 个任务，创建 0 个报告
[2025-05-23 14:00:11] DEBUG [tasks.views:41] - 任务状态已更新
[2025-05-23 14:00:11] INFO [django.server:213] - "DELETE /api/tasks/168/ HTTP/1.1" 204 0
[2025-05-23 14:00:11] INFO [django.server:213] - "GET /api/images/ HTTP/1.1" 200 3678
[2025-05-23 14:00:11] INFO [django.server:213] - "GET /api/tasks/ HTTP/1.1" 200 1480
[2025-05-23 14:00:12] INFO [django.server:213] - "OPTIONS /api/tasks/167/ HTTP/1.1" 200 0
[2025-05-23 14:00:12] INFO [django.server:213] - "DELETE /api/tasks/167/ HTTP/1.1" 204 0
[2025-05-23 14:00:12] INFO [django.server:213] - "GET /api/images/ HTTP/1.1" 200 3678
[2025-05-23 14:00:12] INFO [django.server:213] - "GET /api/tasks/ HTTP/1.1" 200 790
[2025-05-23 14:00:13] INFO [django.server:213] - "OPTIONS /api/tasks/166/ HTTP/1.1" 200 0
[2025-05-23 14:00:13] DEBUG [tasks.status_updater:19] - 开始更新任务状态
[2025-05-23 14:00:13] DEBUG [tasks.status_updater:171] - 任务状态更新完成，已更新 0 个任务，创建 0 个报告
[2025-05-23 14:00:13] DEBUG [tasks.views:41] - 任务状态已更新
[2025-05-23 14:00:13] INFO [django.server:213] - "DELETE /api/tasks/166/ HTTP/1.1" 204 0
[2025-05-23 14:00:13] INFO [django.server:213] - "GET /api/tasks/ HTTP/1.1" 200 2
[2025-05-23 14:00:13] INFO [django.server:213] - "GET /api/images/ HTTP/1.1" 200 3678
[2025-05-23 14:00:16] INFO [django.server:213] - "GET /api/images/ HTTP/1.1" 200 3678
[2025-05-23 14:00:16] INFO [django.server:213] - "GET /media/uploaded_images/ur11070243.png HTTP/1.1" 200 12520217
[2025-05-23 14:00:16] INFO [django.server:213] - "GET /media/uploaded_images/UMB450002GF10M.png HTTP/1.1" 200 14088683
[2025-05-23 14:00:23] INFO [django.server:213] - "OPTIONS /api/images/66/ HTTP/1.1" 200 0
[2025-05-23 14:00:23] INFO [django.server:213] - "OPTIONS /api/images/64/ HTTP/1.1" 200 0
[2025-05-23 14:00:23] INFO [django.server:213] - "OPTIONS /api/images/62/ HTTP/1.1" 200 0
[2025-05-23 14:00:23] INFO [django.server:213] - "OPTIONS /api/images/65/ HTTP/1.1" 200 0
[2025-05-23 14:00:23] INFO [django.server:213] - "OPTIONS /api/images/63/ HTTP/1.1" 200 0
[2025-05-23 14:00:23] INFO [django.server:213] - "OPTIONS /api/images/61/ HTTP/1.1" 200 0
[2025-05-23 14:00:23] INFO [django.server:213] - "OPTIONS /api/images/60/ HTTP/1.1" 200 0
[2025-05-23 14:00:23] INFO [django.server:213] - "OPTIONS /api/images/59/ HTTP/1.1" 200 0
[2025-05-23 14:00:23] INFO [django.server:213] - "OPTIONS /api/images/57/ HTTP/1.1" 200 0
[2025-05-23 14:00:23] INFO [django.server:213] - "OPTIONS /api/images/58/ HTTP/1.1" 200 0
[2025-05-23 14:00:23] INFO [django.server:213] - "OPTIONS /api/images/56/ HTTP/1.1" 200 0
[2025-05-23 14:00:23] INFO [django.server:213] - "OPTIONS /api/images/55/ HTTP/1.1" 200 0
[2025-05-23 14:00:23] INFO [django.server:213] - "OPTIONS /api/images/54/ HTTP/1.1" 200 0
[2025-05-23 14:00:23] INFO [django.server:213] - "OPTIONS /api/images/53/ HTTP/1.1" 200 0
[2025-05-23 14:00:23] INFO [django.server:213] - "OPTIONS /api/images/52/ HTTP/1.1" 200 0
[2025-05-23 14:00:23] INFO [django.server:213] - "OPTIONS /api/images/51/ HTTP/1.1" 200 0
[2025-05-23 14:00:23] INFO [django.server:213] - "OPTIONS /api/images/50/ HTTP/1.1" 200 0
[2025-05-23 14:00:23] INFO [django.server:213] - "OPTIONS /api/images/49/ HTTP/1.1" 200 0
[2025-05-23 14:00:23] INFO [django.server:213] - "OPTIONS /api/images/48/ HTTP/1.1" 200 0
[2025-05-23 14:00:23] INFO [django.server:213] - "OPTIONS /api/images/47/ HTTP/1.1" 200 0
[2025-05-23 14:00:23] INFO [django.server:213] - "DELETE /api/images/66/ HTTP/1.1" 204 0
[2025-05-23 14:00:23] INFO [django.server:213] - "DELETE /api/images/63/ HTTP/1.1" 204 0
[2025-05-23 14:00:23] INFO [django.server:213] - "DELETE /api/images/65/ HTTP/1.1" 204 0
[2025-05-23 14:00:23] INFO [django.server:213] - "DELETE /api/images/61/ HTTP/1.1" 204 0
[2025-05-23 14:00:23] INFO [django.server:213] - "DELETE /api/images/60/ HTTP/1.1" 204 0
[2025-05-23 14:00:23] INFO [django.server:213] - "DELETE /api/images/58/ HTTP/1.1" 204 0
[2025-05-23 14:00:23] INFO [django.server:213] - "DELETE /api/images/59/ HTTP/1.1" 204 0
[2025-05-23 14:00:23] INFO [django.server:213] - "DELETE /api/images/62/ HTTP/1.1" 204 0
[2025-05-23 14:00:23] INFO [django.server:213] - "DELETE /api/images/55/ HTTP/1.1" 204 0
[2025-05-23 14:00:23] INFO [django.server:213] - "DELETE /api/images/56/ HTTP/1.1" 204 0
[2025-05-23 14:00:23] INFO [django.server:213] - "DELETE /api/images/53/ HTTP/1.1" 204 0
[2025-05-23 14:00:23] INFO [django.server:213] - "DELETE /api/images/52/ HTTP/1.1" 204 0
[2025-05-23 14:00:23] INFO [django.server:213] - "DELETE /api/images/54/ HTTP/1.1" 204 0
[2025-05-23 14:00:23] INFO [django.server:213] - "DELETE /api/images/50/ HTTP/1.1" 204 0
[2025-05-23 14:00:23] INFO [django.server:213] - "DELETE /api/images/64/ HTTP/1.1" 204 0
[2025-05-23 14:00:23] INFO [django.server:213] - "DELETE /api/images/49/ HTTP/1.1" 204 0
[2025-05-23 14:00:23] INFO [django.server:213] - "DELETE /api/images/51/ HTTP/1.1" 204 0
[2025-05-23 14:00:23] INFO [django.server:213] - "DELETE /api/images/48/ HTTP/1.1" 204 0
[2025-05-23 14:00:23] INFO [django.server:213] - "DELETE /api/images/47/ HTTP/1.1" 204 0
[2025-05-23 14:00:23] INFO [django.server:213] - "DELETE /api/images/57/ HTTP/1.1" 204 0
[2025-05-23 14:00:23] INFO [django.server:213] - "GET /api/images/ HTTP/1.1" 200 157
[2025-05-23 14:00:24] INFO [django.server:213] - "GET /media/uploaded_images/U123.png HTTP/1.1" 200 14088683
[2025-05-23 14:00:27] INFO [django.server:213] - "OPTIONS /api/images/46/ HTTP/1.1" 200 0
[2025-05-23 14:00:27] INFO [django.server:213] - "DELETE /api/images/46/ HTTP/1.1" 204 0
[2025-05-23 14:00:27] INFO [django.server:213] - "GET /api/images/ HTTP/1.1" 200 2
[2025-05-23 14:00:37] INFO [django.server:213] - "OPTIONS /api/images/upload_multiple/ HTTP/1.1" 200 0
[2025-05-23 14:00:37] WARNING [django.request:248] - Method Not Allowed: /api/images/upload_multiple/
[2025-05-23 14:00:37] WARNING [django.server:213] - "POST /api/images/upload_multiple/ HTTP/1.1" 405 46
[2025-05-23 14:01:48] INFO [django.utils.autoreload:265] - /Users/gszhao/code/小红书/帮忙写个前端功能/image_processing_system/backend/images/views.py changed, reloading.
[2025-05-23 14:01:48] INFO [tasks.tasks:68] - 正在停止工作进程...
[2025-05-23 14:01:49] INFO [tasks.tasks:87] - 工作进程已停止
[2025-05-23 14:01:50] INFO [tasks.tasks:31] - 当前目录: /Users/gszhao/code/小红书/帮忙写个前端功能/image_processing_system/backend/tasks
[2025-05-23 14:01:50] INFO [tasks.tasks:32] - 基础目录: /Users/gszhao/code/小红书/帮忙写个前端功能/image_processing_system/backend
[2025-05-23 14:01:50] INFO [tasks.tasks:62] - 工作进程已启动，PID: 57277
[2025-05-23 14:01:50] INFO [django.utils.autoreload:667] - Watching for file changes with StatReloader
[2025-05-23 14:02:05] INFO [django.utils.autoreload:265] - /Users/gszhao/code/小红书/帮忙写个前端功能/image_processing_system/backend/images/views.py changed, reloading.
[2025-05-23 14:02:05] INFO [tasks.tasks:68] - 正在停止工作进程...
[2025-05-23 14:02:05] INFO [tasks.tasks:87] - 工作进程已停止
[2025-05-23 14:02:06] INFO [tasks.tasks:31] - 当前目录: /Users/gszhao/code/小红书/帮忙写个前端功能/image_processing_system/backend/tasks
[2025-05-23 14:02:06] INFO [tasks.tasks:32] - 基础目录: /Users/gszhao/code/小红书/帮忙写个前端功能/image_processing_system/backend
[2025-05-23 14:02:07] INFO [tasks.tasks:62] - 工作进程已启动，PID: 57384
[2025-05-23 14:02:07] INFO [django.utils.autoreload:667] - Watching for file changes with StatReloader
[2025-05-23 14:02:08] INFO [django.utils.autoreload:265] - /Users/gszhao/code/小红书/帮忙写个前端功能/image_processing_system/backend/images/views.py changed, reloading.
[2025-05-23 14:02:08] INFO [tasks.tasks:68] - 正在停止工作进程...
[2025-05-23 14:02:08] INFO [tasks.tasks:87] - 工作进程已停止
[2025-05-23 14:02:09] INFO [tasks.tasks:31] - 当前目录: /Users/gszhao/code/小红书/帮忙写个前端功能/image_processing_system/backend/tasks
[2025-05-23 14:02:09] INFO [tasks.tasks:32] - 基础目录: /Users/gszhao/code/小红书/帮忙写个前端功能/image_processing_system/backend
[2025-05-23 14:02:09] INFO [tasks.tasks:62] - 工作进程已启动，PID: 57405
[2025-05-23 14:02:09] INFO [django.utils.autoreload:667] - Watching for file changes with StatReloader
[2025-05-23 14:04:28] INFO [django.utils.autoreload:265] - /Users/gszhao/code/小红书/帮忙写个前端功能/image_processing_system/backend/images/views.py changed, reloading.
[2025-05-23 14:04:28] INFO [tasks.tasks:68] - 正在停止工作进程...
[2025-05-23 14:04:28] INFO [tasks.tasks:87] - 工作进程已停止
[2025-05-23 14:04:29] INFO [tasks.tasks:31] - 当前目录: /Users/gszhao/code/小红书/帮忙写个前端功能/image_processing_system/backend/tasks
[2025-05-23 14:04:29] INFO [tasks.tasks:32] - 基础目录: /Users/gszhao/code/小红书/帮忙写个前端功能/image_processing_system/backend
[2025-05-23 14:04:29] INFO [tasks.tasks:62] - 工作进程已启动，PID: 58332
[2025-05-23 14:04:29] INFO [django.utils.autoreload:667] - Watching for file changes with StatReloader
[2025-05-23 14:05:31] INFO [django.utils.autoreload:265] - /Users/gszhao/code/小红书/帮忙写个前端功能/image_processing_system/backend/images/views.py changed, reloading.
[2025-05-23 14:05:31] INFO [tasks.tasks:68] - 正在停止工作进程...
[2025-05-23 14:05:31] INFO [tasks.tasks:87] - 工作进程已停止
[2025-05-23 14:05:32] INFO [tasks.tasks:31] - 当前目录: /Users/gszhao/code/小红书/帮忙写个前端功能/image_processing_system/backend/tasks
[2025-05-23 14:05:32] INFO [tasks.tasks:32] - 基础目录: /Users/gszhao/code/小红书/帮忙写个前端功能/image_processing_system/backend
[2025-05-23 14:05:32] INFO [tasks.tasks:62] - 工作进程已启动，PID: 58630
[2025-05-23 14:05:32] INFO [django.utils.autoreload:667] - Watching for file changes with StatReloader
[2025-05-23 14:05:45] INFO [django.utils.autoreload:265] - /Users/gszhao/code/小红书/帮忙写个前端功能/image_processing_system/backend/images/views.py changed, reloading.
[2025-05-23 14:05:45] INFO [tasks.tasks:68] - 正在停止工作进程...
[2025-05-23 14:05:45] INFO [tasks.tasks:87] - 工作进程已停止
[2025-05-23 14:05:46] INFO [tasks.tasks:31] - 当前目录: /Users/gszhao/code/小红书/帮忙写个前端功能/image_processing_system/backend/tasks
[2025-05-23 14:05:46] INFO [tasks.tasks:32] - 基础目录: /Users/gszhao/code/小红书/帮忙写个前端功能/image_processing_system/backend
[2025-05-23 14:05:46] INFO [tasks.tasks:62] - 工作进程已启动，PID: 58703
[2025-05-23 14:05:46] INFO [django.utils.autoreload:667] - Watching for file changes with StatReloader
[2025-05-23 14:05:48] INFO [django.utils.autoreload:265] - /Users/gszhao/code/小红书/帮忙写个前端功能/image_processing_system/backend/images/views.py changed, reloading.
[2025-05-23 14:05:48] INFO [tasks.tasks:68] - 正在停止工作进程...
[2025-05-23 14:05:48] INFO [tasks.tasks:87] - 工作进程已停止
[2025-05-23 14:05:49] INFO [tasks.tasks:31] - 当前目录: /Users/gszhao/code/小红书/帮忙写个前端功能/image_processing_system/backend/tasks
[2025-05-23 14:05:49] INFO [tasks.tasks:32] - 基础目录: /Users/gszhao/code/小红书/帮忙写个前端功能/image_processing_system/backend
[2025-05-23 14:05:49] INFO [tasks.tasks:62] - 工作进程已启动，PID: 58726
[2025-05-23 14:05:49] INFO [django.utils.autoreload:667] - Watching for file changes with StatReloader
[2025-05-23 14:06:32] WARNING [django.request:248] - Unauthorized: /api/images/
[2025-05-23 14:06:32] WARNING [django.server:213] - "GET /api/images/ HTTP/1.1" 401 43
[2025-05-23 14:07:02] INFO [django.server:213] - "GET /api/reports/ HTTP/1.1" 200 2
[2025-05-23 14:07:02] DEBUG [tasks.status_updater:19] - 开始更新任务状态
[2025-05-23 14:07:02] DEBUG [tasks.status_updater:171] - 任务状态更新完成，已更新 0 个任务，创建 0 个报告
[2025-05-23 14:07:02] DEBUG [tasks.views:41] - 任务状态已更新
[2025-05-23 14:07:02] INFO [django.server:213] - "GET /api/tasks/ HTTP/1.1" 200 2
[2025-05-23 14:07:04] INFO [django.server:213] - "GET /api/reports/ HTTP/1.1" 200 2
[2025-05-23 14:07:04] DEBUG [tasks.status_updater:19] - 开始更新任务状态
[2025-05-23 14:07:04] DEBUG [tasks.status_updater:171] - 任务状态更新完成，已更新 0 个任务，创建 0 个报告
[2025-05-23 14:07:04] DEBUG [tasks.views:41] - 任务状态已更新
[2025-05-23 14:07:04] INFO [django.server:213] - "GET /api/tasks/ HTTP/1.1" 200 2
[2025-05-23 14:07:09] INFO [django.server:213] - "POST /api/auth/login/ HTTP/1.1" 200 330
[2025-05-23 14:07:09] INFO [django.server:213] - "GET /api/images/ HTTP/1.1" 200 2
[2025-05-23 14:07:09] DEBUG [tasks.status_updater:19] - 开始更新任务状态
[2025-05-23 14:07:09] DEBUG [tasks.status_updater:171] - 任务状态更新完成，已更新 0 个任务，创建 0 个报告
[2025-05-23 14:07:09] DEBUG [tasks.views:41] - 任务状态已更新
[2025-05-23 14:07:09] INFO [django.server:213] - "GET /api/tasks/ HTTP/1.1" 200 2
[2025-05-23 14:07:09] INFO [django.server:213] - "GET /api/reports/ HTTP/1.1" 200 2
[2025-05-23 14:07:14] INFO [django.server:213] - "GET /api/images/ HTTP/1.1" 200 2
[2025-05-23 14:07:23] WARNING [django.request:248] - Bad Request: /api/images/upload_multiple/
[2025-05-23 14:07:23] WARNING [django.server:213] - "POST /api/images/upload_multiple/ HTTP/1.1" 400 2449
[2025-05-23 14:08:13] INFO [django.utils.autoreload:265] - /Users/gszhao/code/小红书/帮忙写个前端功能/image_processing_system/backend/images/views.py changed, reloading.
[2025-05-23 14:08:13] INFO [tasks.tasks:68] - 正在停止工作进程...
[2025-05-23 14:08:13] INFO [tasks.tasks:87] - 工作进程已停止
[2025-05-23 14:08:14] INFO [tasks.tasks:31] - 当前目录: /Users/gszhao/code/小红书/帮忙写个前端功能/image_processing_system/backend/tasks
[2025-05-23 14:08:14] INFO [tasks.tasks:32] - 基础目录: /Users/gszhao/code/小红书/帮忙写个前端功能/image_processing_system/backend
[2025-05-23 14:08:14] INFO [tasks.tasks:62] - 工作进程已启动，PID: 60163
[2025-05-23 14:08:14] INFO [django.utils.autoreload:667] - Watching for file changes with StatReloader
[2025-05-23 14:08:22] INFO [tasks.tasks:68] - 正在停止工作进程...
[2025-05-23 14:08:22] INFO [tasks.tasks:87] - 工作进程已停止
[2025-05-23 14:12:28] INFO [tasks.tasks:31] - 当前目录: /Users/gszhao/code/小红书/帮忙写个前端功能/image_processing_system/backend/tasks
[2025-05-23 14:12:28] INFO [tasks.tasks:32] - 基础目录: /Users/gszhao/code/小红书/帮忙写个前端功能/image_processing_system/backend
[2025-05-23 14:12:28] INFO [tasks.tasks:62] - 工作进程已启动，PID: 62426
[2025-05-23 14:12:29] INFO [tasks.tasks:31] - 当前目录: /Users/gszhao/code/小红书/帮忙写个前端功能/image_processing_system/backend/tasks
[2025-05-23 14:12:29] INFO [tasks.tasks:32] - 基础目录: /Users/gszhao/code/小红书/帮忙写个前端功能/image_processing_system/backend
[2025-05-23 14:12:29] INFO [tasks.tasks:62] - 工作进程已启动，PID: 62438
[2025-05-23 14:12:29] INFO [django.utils.autoreload:667] - Watching for file changes with StatReloader
[2025-05-23 14:14:09] WARNING [django.request:248] - Unauthorized: /api/auth/login/
[2025-05-23 14:14:09] WARNING [django.server:213] - "POST /api/auth/login/ HTTP/1.1" 401 37
[2025-05-23 14:14:14] INFO [django.server:213] - "POST /api/auth/login/ HTTP/1.1" 200 330
[2025-05-23 14:14:14] INFO [django.server:213] - "GET /api/images/ HTTP/1.1" 200 223
[2025-05-23 14:14:14] DEBUG [tasks.status_updater:19] - 开始更新任务状态
[2025-05-23 14:14:14] DEBUG [tasks.status_updater:171] - 任务状态更新完成，已更新 0 个任务，创建 0 个报告
[2025-05-23 14:14:14] DEBUG [tasks.views:41] - 任务状态已更新
[2025-05-23 14:14:14] INFO [django.server:213] - "GET /api/tasks/ HTTP/1.1" 200 2
[2025-05-23 14:14:14] INFO [django.server:213] - "GET /api/reports/ HTTP/1.1" 200 2
[2025-05-23 14:14:15] INFO [django.server:213] - "GET /api/images/ HTTP/1.1" 200 223
[2025-05-23 14:14:15] WARNING [django.request:248] - Not Found: /media/uploaded_images/test_image_c50TErW.png
[2025-05-23 14:14:15] WARNING [django.server:213] - "GET /media/uploaded_images/test_image_c50TErW.png HTTP/1.1" 404 3389
[2025-05-23 14:14:23] INFO [django.server:213] - "OPTIONS /api/images/69/ HTTP/1.1" 200 0
[2025-05-23 14:14:23] INFO [django.server:213] - "DELETE /api/images/69/ HTTP/1.1" 204 0
[2025-05-23 14:14:23] INFO [django.server:213] - "GET /api/images/ HTTP/1.1" 200 2
[2025-05-23 14:14:31] INFO [images.views:26] - 收到批量上传请求，用户: admin
[2025-05-23 14:14:31] INFO [images.views:27] - 请求文件数量: 1
[2025-05-23 14:14:31] INFO [images.views:28] - 请求数据: <QueryDict: {'files': [<TemporaryUploadedFile: U123.png (image/png)>, <TemporaryUploadedFile: IMG.jpg (image/jpeg)>, <TemporaryUploadedFile: IMG2.jpg (image/jpeg)>, <TemporaryUploadedFile: UMM150001B5A0M.png (image/png)>, <TemporaryUploadedFile: ur11070288.png (image/png)>, <TemporaryUploadedFile: ur11070243.png (image/png)>, <TemporaryUploadedFile: UMB450002GF10M.png (image/png)>, <TemporaryUploadedFile: 20250408skt00000701.png (image/png)>, <TemporaryUploadedFile: 20250408skt0000076.png (image/png)>, <TemporaryUploadedFile: 20250408skt0000079.png (image/png)>, <TemporaryUploadedFile: 20250411jgt0000001 (1).png (image/png)>, <TemporaryUploadedFile: 牛仔裤.png (image/png)>, <TemporaryUploadedFile: 20250408skt0000069.png (image/png)>, <TemporaryUploadedFile: 20250409jgt0000034 .png (image/png)>, <TemporaryUploadedFile: 20250408skt0000072.png (image/png)>, <TemporaryUploadedFile: 20250408skt0000070.png (image/png)>, <TemporaryUploadedFile: 20250409jgt0000036.png (image/png)>, <TemporaryUploadedFile: 1663065798008456.png (image/png)>, <TemporaryUploadedFile: 1.jpg (image/jpeg)>, <TemporaryUploadedFile: T恤.jpg (image/jpeg)>]}>
[2025-05-23 14:14:31] INFO [images.views:31] - 获取到的文件列表: ['U123.png', 'IMG.jpg', 'IMG2.jpg', 'UMM150001B5A0M.png', 'ur11070288.png', 'ur11070243.png', 'UMB450002GF10M.png', '20250408skt00000701.png', '20250408skt0000076.png', '20250408skt0000079.png', '20250411jgt0000001 (1).png', '牛仔裤.png', '20250408skt0000069.png', '20250409jgt0000034 .png', '20250408skt0000072.png', '20250408skt0000070.png', '20250409jgt0000036.png', '1663065798008456.png', '1.jpg', 'T恤.jpg']
[2025-05-23 14:14:31] INFO [images.views:45] - 处理文件: U123.png, 大小: 14088683
[2025-05-23 14:14:31] INFO [images.views:52] - 文件 U123.png 的哈希值: 30b44f6065cb64155f0fe8ca89e5338e
[2025-05-23 14:14:31] INFO [images.views:66] - 创建图片记录，标题: U123
[2025-05-23 14:14:31] INFO [images.views:79] - 图片 U123.png 保存成功，ID: 70
[2025-05-23 14:14:31] INFO [images.views:45] - 处理文件: IMG.jpg, 大小: 2447157
[2025-05-23 14:14:31] INFO [images.views:52] - 文件 IMG.jpg 的哈希值: 3ba5c8223d2b55691045c3ca38286a52
[2025-05-23 14:14:31] INFO [images.views:66] - 创建图片记录，标题: IMG
[2025-05-23 14:14:31] INFO [images.views:79] - 图片 IMG.jpg 保存成功，ID: 71
[2025-05-23 14:14:31] INFO [images.views:45] - 处理文件: IMG2.jpg, 大小: 1001272
[2025-05-23 14:14:31] INFO [images.views:52] - 文件 IMG2.jpg 的哈希值: 547383ce175b96771bdcc0d78ef6d324
[2025-05-23 14:14:31] INFO [images.views:66] - 创建图片记录，标题: IMG2
[2025-05-23 14:14:31] INFO [images.views:79] - 图片 IMG2.jpg 保存成功，ID: 72
[2025-05-23 14:14:31] INFO [images.views:45] - 处理文件: UMM150001B5A0M.png, 大小: 7678427
[2025-05-23 14:14:31] INFO [images.views:52] - 文件 UMM150001B5A0M.png 的哈希值: 2f1c4b288f3ecd9a6af20d46703262ed
[2025-05-23 14:14:31] INFO [images.views:66] - 创建图片记录，标题: UMM150001B5A0M
[2025-05-23 14:14:31] INFO [images.views:79] - 图片 UMM150001B5A0M.png 保存成功，ID: 73
[2025-05-23 14:14:31] INFO [images.views:45] - 处理文件: ur11070288.png, 大小: 5443383
[2025-05-23 14:14:31] INFO [images.views:52] - 文件 ur11070288.png 的哈希值: b9737206546946ce97395be626d48f0a
[2025-05-23 14:14:31] INFO [images.views:66] - 创建图片记录，标题: ur11070288
[2025-05-23 14:14:31] INFO [images.views:79] - 图片 ur11070288.png 保存成功，ID: 74
[2025-05-23 14:14:31] INFO [images.views:45] - 处理文件: ur11070243.png, 大小: 12520217
[2025-05-23 14:14:31] INFO [images.views:52] - 文件 ur11070243.png 的哈希值: 04e4bd0a4b67257d8e040397ee0594b3
[2025-05-23 14:14:31] INFO [images.views:66] - 创建图片记录，标题: ur11070243
[2025-05-23 14:14:31] INFO [images.views:79] - 图片 ur11070243.png 保存成功，ID: 75
[2025-05-23 14:14:31] INFO [images.views:45] - 处理文件: UMB450002GF10M.png, 大小: 14088683
[2025-05-23 14:14:31] INFO [images.views:52] - 文件 UMB450002GF10M.png 的哈希值: 30b44f6065cb64155f0fe8ca89e5338e
[2025-05-23 14:14:31] WARNING [images.views:60] - 图片 UMB450002GF10M.png 已存在
[2025-05-23 14:14:31] INFO [images.views:45] - 处理文件: 20250408skt00000701.png, 大小: 1321446
[2025-05-23 14:14:31] INFO [images.views:52] - 文件 20250408skt00000701.png 的哈希值: 6b7c01d1507dbb5875eb824b913b14b7
[2025-05-23 14:14:31] INFO [images.views:66] - 创建图片记录，标题: 20250408skt00000701
[2025-05-23 14:14:31] INFO [images.views:79] - 图片 20250408skt00000701.png 保存成功，ID: 76
[2025-05-23 14:14:31] INFO [images.views:45] - 处理文件: 20250408skt0000076.png, 大小: 2529092
[2025-05-23 14:14:31] INFO [images.views:52] - 文件 20250408skt0000076.png 的哈希值: 6e2383247980f4a884f121875a996688
[2025-05-23 14:14:31] INFO [images.views:66] - 创建图片记录，标题: 20250408skt0000076
[2025-05-23 14:14:31] INFO [images.views:79] - 图片 20250408skt0000076.png 保存成功，ID: 77
[2025-05-23 14:14:31] INFO [images.views:45] - 处理文件: 20250408skt0000079.png, 大小: 2144293
[2025-05-23 14:14:31] INFO [images.views:52] - 文件 20250408skt0000079.png 的哈希值: 3ffe02669f078145509a58e921c4162a
[2025-05-23 14:14:31] INFO [images.views:66] - 创建图片记录，标题: 20250408skt0000079
[2025-05-23 14:14:31] INFO [images.views:79] - 图片 20250408skt0000079.png 保存成功，ID: 78
[2025-05-23 14:14:31] INFO [images.views:45] - 处理文件: 20250411jgt0000001 (1).png, 大小: 2020204
[2025-05-23 14:14:31] INFO [images.views:52] - 文件 20250411jgt0000001 (1).png 的哈希值: 79a313866e2187bd30dfa10fc4faab01
[2025-05-23 14:14:31] INFO [images.views:66] - 创建图片记录，标题: 20250411jgt0000001 (1)
[2025-05-23 14:14:31] INFO [images.views:79] - 图片 20250411jgt0000001 (1).png 保存成功，ID: 79
[2025-05-23 14:14:31] INFO [images.views:45] - 处理文件: 牛仔裤.png, 大小: 1488505
[2025-05-23 14:14:31] INFO [images.views:52] - 文件 牛仔裤.png 的哈希值: 8a1325432921d2d6a7a5cf86a8dd590d
[2025-05-23 14:14:31] INFO [images.views:66] - 创建图片记录，标题: 牛仔裤
[2025-05-23 14:14:31] INFO [images.views:79] - 图片 牛仔裤.png 保存成功，ID: 80
[2025-05-23 14:14:31] INFO [images.views:45] - 处理文件: 20250408skt0000069.png, 大小: 2087034
[2025-05-23 14:14:31] INFO [images.views:52] - 文件 20250408skt0000069.png 的哈希值: 4dc5c255e1cd6ca95b34dbd45a378c36
[2025-05-23 14:14:31] INFO [images.views:66] - 创建图片记录，标题: 20250408skt0000069
[2025-05-23 14:14:31] INFO [images.views:79] - 图片 20250408skt0000069.png 保存成功，ID: 81
[2025-05-23 14:14:31] INFO [images.views:45] - 处理文件: 20250409jgt0000034 .png, 大小: 1882188
[2025-05-23 14:14:31] INFO [images.views:52] - 文件 20250409jgt0000034 .png 的哈希值: d4ec25b8e9b7e318b8ec638344af35c0
[2025-05-23 14:14:31] INFO [images.views:66] - 创建图片记录，标题: 20250409jgt0000034 
[2025-05-23 14:14:31] INFO [images.views:79] - 图片 20250409jgt0000034 .png 保存成功，ID: 82
[2025-05-23 14:14:31] INFO [images.views:45] - 处理文件: 20250408skt0000072.png, 大小: 1850983
[2025-05-23 14:14:31] INFO [images.views:52] - 文件 20250408skt0000072.png 的哈希值: adb7736beb1f67b21cbe47299951ccb3
[2025-05-23 14:14:31] INFO [images.views:66] - 创建图片记录，标题: 20250408skt0000072
[2025-05-23 14:14:31] INFO [images.views:79] - 图片 20250408skt0000072.png 保存成功，ID: 83
[2025-05-23 14:14:31] INFO [images.views:45] - 处理文件: 20250408skt0000070.png, 大小: 1530746
[2025-05-23 14:14:31] INFO [images.views:52] - 文件 20250408skt0000070.png 的哈希值: 26f8292f24abd6f18f6d0501007772a8
[2025-05-23 14:14:31] INFO [images.views:66] - 创建图片记录，标题: 20250408skt0000070
[2025-05-23 14:14:31] INFO [images.views:79] - 图片 20250408skt0000070.png 保存成功，ID: 84
[2025-05-23 14:14:31] INFO [images.views:45] - 处理文件: 20250409jgt0000036.png, 大小: 1729513
[2025-05-23 14:14:31] INFO [images.views:52] - 文件 20250409jgt0000036.png 的哈希值: 8713501f00d318c866f0eae15e3f0966
[2025-05-23 14:14:31] INFO [images.views:66] - 创建图片记录，标题: 20250409jgt0000036
[2025-05-23 14:14:31] INFO [images.views:79] - 图片 20250409jgt0000036.png 保存成功，ID: 85
[2025-05-23 14:14:31] INFO [images.views:45] - 处理文件: 1663065798008456.png, 大小: 963430
[2025-05-23 14:14:31] INFO [images.views:52] - 文件 1663065798008456.png 的哈希值: 434583e7ac3129dc305262dbe576e8fc
[2025-05-23 14:14:31] INFO [images.views:66] - 创建图片记录，标题: 1663065798008456
[2025-05-23 14:14:31] INFO [images.views:79] - 图片 1663065798008456.png 保存成功，ID: 86
[2025-05-23 14:14:31] INFO [images.views:45] - 处理文件: 1.jpg, 大小: 133687
[2025-05-23 14:14:31] INFO [images.views:52] - 文件 1.jpg 的哈希值: c71cdbda3df5bee070d7ce6a5a4f47e8
[2025-05-23 14:14:31] INFO [images.views:66] - 创建图片记录，标题: 1
[2025-05-23 14:14:31] INFO [images.views:79] - 图片 1.jpg 保存成功，ID: 87
[2025-05-23 14:14:31] INFO [images.views:45] - 处理文件: T恤.jpg, 大小: 1829806
[2025-05-23 14:14:31] INFO [images.views:52] - 文件 T恤.jpg 的哈希值: 4ebe56a4d3a954df6b7e7c75ed535993
[2025-05-23 14:14:31] INFO [images.views:66] - 创建图片记录，标题: T恤
[2025-05-23 14:14:31] INFO [images.views:79] - 图片 T恤.jpg 保存成功，ID: 88
[2025-05-23 14:14:31] INFO [images.views:92] - 上传完成: 成功 19 个，错误 1 个
[2025-05-23 14:14:31] INFO [django.server:213] - "POST /api/images/upload_multiple/ HTTP/1.1" 201 4284
[2025-05-23 14:14:34] INFO [django.server:213] - "GET /api/images/ HTTP/1.1" 200 4195
[2025-05-23 14:14:44] DEBUG [tasks.status_updater:19] - 开始更新任务状态
[2025-05-23 14:14:44] INFO [django.server:213] - "GET /api/images/ HTTP/1.1" 200 4195
[2025-05-23 14:14:44] DEBUG [tasks.status_updater:171] - 任务状态更新完成，已更新 0 个任务，创建 0 个报告
[2025-05-23 14:14:44] DEBUG [tasks.views:41] - 任务状态已更新
[2025-05-23 14:14:44] INFO [django.server:213] - "GET /api/tasks/ HTTP/1.1" 200 2
[2025-05-23 14:14:44] INFO [django.server:213] - "GET /api/images/ HTTP/1.1" 200 4195
[2025-05-23 14:14:44] INFO [django.server:213] - "GET /api/tasks/ HTTP/1.1" 200 2
[2025-05-23 14:14:59] INFO [tasks.views:76] - 【调试】创建任务: 图像准确度AI检测（ImageHash算法）+图像质量AI检测（Opencv算法1）任务-202505231414
[2025-05-23 14:14:59] INFO [tasks.views:93] - 【调试】选择的算法: 123
[2025-05-23 14:14:59] INFO [tasks.views:103] - 【调试】有效图像路径: /Users/gszhao/code/小红书/帮忙写个前端功能/image_processing_system/backend/media/images/2025/05/23/T恤.jpg
[2025-05-23 14:14:59] INFO [tasks.views:103] - 【调试】有效图像路径: /Users/gszhao/code/小红书/帮忙写个前端功能/image_processing_system/backend/media/images/2025/05/23/1.jpg
[2025-05-23 14:14:59] INFO [tasks.views:103] - 【调试】有效图像路径: /Users/gszhao/code/小红书/帮忙写个前端功能/image_processing_system/backend/media/images/2025/05/23/1663065798008456.png
[2025-05-23 14:14:59] INFO [tasks.views:103] - 【调试】有效图像路径: /Users/gszhao/code/小红书/帮忙写个前端功能/image_processing_system/backend/media/images/2025/05/23/20250409jgt0000036.png
[2025-05-23 14:14:59] INFO [tasks.views:103] - 【调试】有效图像路径: /Users/gszhao/code/小红书/帮忙写个前端功能/image_processing_system/backend/media/images/2025/05/23/20250408skt0000070.png
[2025-05-23 14:14:59] INFO [tasks.views:103] - 【调试】有效图像路径: /Users/gszhao/code/小红书/帮忙写个前端功能/image_processing_system/backend/media/images/2025/05/23/20250408skt0000072.png
[2025-05-23 14:14:59] INFO [tasks.views:103] - 【调试】有效图像路径: /Users/gszhao/code/小红书/帮忙写个前端功能/image_processing_system/backend/media/images/2025/05/23/20250409jgt0000034_.png
[2025-05-23 14:14:59] INFO [tasks.views:103] - 【调试】有效图像路径: /Users/gszhao/code/小红书/帮忙写个前端功能/image_processing_system/backend/media/images/2025/05/23/20250408skt0000069.png
[2025-05-23 14:14:59] INFO [tasks.views:117] - 【调试】提交任务数据: task_id=170, 算法=123, 图片数量=8
[2025-05-23 14:14:59] INFO [tasks.tasks:365] - 提交任务: 170
[2025-05-23 14:14:59] INFO [tasks.tasks:380] - 任务参数:
[2025-05-23 14:14:59] INFO [tasks.tasks:381] - task_id: {task_id}
[2025-05-23 14:14:59] INFO [tasks.tasks:382] - algorithm_choice: {algorithm_choice}
[2025-05-23 14:14:59] INFO [tasks.tasks:383] - report_dir: {report_dir}
[2025-05-23 14:14:59] INFO [tasks.tasks:384] - image_paths: {image_paths}
[2025-05-23 14:14:59] DEBUG [tasks.tasks:150] - 已更新任务状态文件: {status_file}, 状态: {status}, 进度: {progress}%
[2025-05-23 14:14:59] INFO [tasks.tasks:396] - 任务 170 包含 8 张图片，将拆分为多个子任务
[2025-05-23 14:14:59] DEBUG [tasks.tasks:150] - 已更新任务状态文件: {status_file}, 状态: {status}, 进度: {progress}%
[2025-05-23 14:14:59] DEBUG [tasks.tasks:150] - 已更新任务状态文件: {status_file}, 状态: {status}, 进度: {progress}%
[2025-05-23 14:14:59] INFO [tasks.tasks:444] - 创建子任务: 170_img_0, 图像: /Users/gszhao/code/小红书/帮忙写个前端功能/image_processing_system/backend/media/images/2025/05/23/T恤.jpg
[2025-05-23 14:14:59] INFO [tasks.tasks:109] - 已添加任务 170_img_0 到队列
[2025-05-23 14:14:59] DEBUG [tasks.tasks:150] - 已更新任务状态文件: {status_file}, 状态: {status}, 进度: {progress}%
[2025-05-23 14:14:59] INFO [tasks.tasks:444] - 创建子任务: 170_img_1, 图像: /Users/gszhao/code/小红书/帮忙写个前端功能/image_processing_system/backend/media/images/2025/05/23/1.jpg
[2025-05-23 14:14:59] INFO [tasks.tasks:109] - 已添加任务 170_img_1 到队列
[2025-05-23 14:14:59] DEBUG [tasks.tasks:150] - 已更新任务状态文件: {status_file}, 状态: {status}, 进度: {progress}%
[2025-05-23 14:14:59] INFO [tasks.tasks:444] - 创建子任务: 170_img_2, 图像: /Users/gszhao/code/小红书/帮忙写个前端功能/image_processing_system/backend/media/images/2025/05/23/1663065798008456.png
[2025-05-23 14:14:59] INFO [tasks.tasks:109] - 已添加任务 170_img_2 到队列
[2025-05-23 14:14:59] DEBUG [tasks.tasks:150] - 已更新任务状态文件: {status_file}, 状态: {status}, 进度: {progress}%
[2025-05-23 14:14:59] INFO [tasks.tasks:444] - 创建子任务: 170_img_3, 图像: /Users/gszhao/code/小红书/帮忙写个前端功能/image_processing_system/backend/media/images/2025/05/23/20250409jgt0000036.png
[2025-05-23 14:14:59] INFO [tasks.tasks:109] - 已添加任务 170_img_3 到队列
[2025-05-23 14:14:59] DEBUG [tasks.tasks:150] - 已更新任务状态文件: {status_file}, 状态: {status}, 进度: {progress}%
[2025-05-23 14:14:59] INFO [tasks.tasks:444] - 创建子任务: 170_img_4, 图像: /Users/gszhao/code/小红书/帮忙写个前端功能/image_processing_system/backend/media/images/2025/05/23/20250408skt0000070.png
[2025-05-23 14:14:59] INFO [tasks.tasks:109] - 已添加任务 170_img_4 到队列
[2025-05-23 14:14:59] DEBUG [tasks.tasks:150] - 已更新任务状态文件: {status_file}, 状态: {status}, 进度: {progress}%
[2025-05-23 14:14:59] INFO [tasks.tasks:444] - 创建子任务: 170_img_5, 图像: /Users/gszhao/code/小红书/帮忙写个前端功能/image_processing_system/backend/media/images/2025/05/23/20250408skt0000072.png
[2025-05-23 14:14:59] INFO [tasks.tasks:109] - 已添加任务 170_img_5 到队列
[2025-05-23 14:14:59] DEBUG [tasks.tasks:150] - 已更新任务状态文件: {status_file}, 状态: {status}, 进度: {progress}%
[2025-05-23 14:14:59] INFO [tasks.tasks:444] - 创建子任务: 170_img_6, 图像: /Users/gszhao/code/小红书/帮忙写个前端功能/image_processing_system/backend/media/images/2025/05/23/20250409jgt0000034_.png
[2025-05-23 14:14:59] INFO [tasks.tasks:109] - 已添加任务 170_img_6 到队列
[2025-05-23 14:14:59] DEBUG [tasks.tasks:150] - 已更新任务状态文件: {status_file}, 状态: {status}, 进度: {progress}%
[2025-05-23 14:14:59] INFO [tasks.tasks:444] - 创建子任务: 170_img_7, 图像: /Users/gszhao/code/小红书/帮忙写个前端功能/image_processing_system/backend/media/images/2025/05/23/20250408skt0000069.png
[2025-05-23 14:14:59] INFO [tasks.tasks:109] - 已添加任务 170_img_7 到队列
[2025-05-23 14:14:59] INFO [tasks.tasks:513] - 开始监控任务 170 的进度
[2025-05-23 14:14:59] INFO [tasks.tasks:462] - 已启动进度监控线程: 170
[2025-05-23 14:14:59] INFO [tasks.views:120] - 【调试】任务已成功加入处理队列
[2025-05-23 14:14:59] INFO [django.server:213] - "POST /api/tasks/ HTTP/1.1" 201 575
[2025-05-23 14:14:59] DEBUG [tasks.status_updater:19] - 开始更新任务状态
[2025-05-23 14:14:59] INFO [django.server:213] - "GET /api/images/ HTTP/1.1" 200 4195
[2025-05-23 14:14:59] DEBUG [tasks.status_updater:166] - 任务 170 状态已更新: processing, 进度: 4%
[2025-05-23 14:14:59] DEBUG [tasks.status_updater:171] - 任务状态更新完成，已更新 1 个任务，创建 0 个报告
[2025-05-23 14:14:59] DEBUG [tasks.views:41] - 任务状态已更新
[2025-05-23 14:14:59] INFO [django.server:213] - "GET /api/tasks/ HTTP/1.1" 200 580
[2025-05-23 14:14:59] INFO [django.server:213] - "OPTIONS /api/tasks/170/status/ HTTP/1.1" 200 0
[2025-05-23 14:14:59] INFO [django.server:213] - "GET /api/tasks/170/status/ HTTP/1.1" 200 62
[2025-05-23 14:15:01] DEBUG [tasks.tasks:150] - 已更新任务状态文件: {status_file}, 状态: {status}, 进度: {progress}%
[2025-05-23 14:15:01] INFO [tasks.tasks:617] - 任务 170 进度: 16%, 状态: processing, 已完成: 1/8
[2025-05-23 14:15:02] DEBUG [tasks.status_updater:19] - 开始更新任务状态
[2025-05-23 14:15:02] DEBUG [tasks.status_updater:166] - 任务 170 状态已更新: processing, 进度: 16%
[2025-05-23 14:15:02] DEBUG [tasks.status_updater:171] - 任务状态更新完成，已更新 1 个任务，创建 0 个报告
[2025-05-23 14:15:02] DEBUG [tasks.views:41] - 任务状态已更新
[2025-05-23 14:15:02] INFO [django.server:213] - "GET /api/tasks/170/status/ HTTP/1.1" 200 63
[2025-05-23 14:15:02] INFO [django.server:213] - "GET /api/reports/ HTTP/1.1" 200 2
[2025-05-23 14:15:02] INFO [django.server:213] - "GET /api/tasks/ HTTP/1.1" 200 581
[2025-05-23 14:15:03] DEBUG [tasks.tasks:150] - 已更新任务状态文件: {status_file}, 状态: {status}, 进度: {progress}%
[2025-05-23 14:15:03] INFO [tasks.tasks:617] - 任务 170 进度: 38%, 状态: processing, 已完成: 3/8
[2025-05-23 14:15:04] DEBUG [tasks.status_updater:19] - 开始更新任务状态
[2025-05-23 14:15:04] INFO [django.server:213] - "GET /api/images/ HTTP/1.1" 200 4195
[2025-05-23 14:15:04] DEBUG [tasks.status_updater:166] - 任务 170 状态已更新: processing, 进度: 38%
[2025-05-23 14:15:04] DEBUG [tasks.status_updater:171] - 任务状态更新完成，已更新 1 个任务，创建 0 个报告
[2025-05-23 14:15:04] DEBUG [tasks.views:41] - 任务状态已更新
[2025-05-23 14:15:04] INFO [django.server:213] - "GET /api/tasks/ HTTP/1.1" 200 581
[2025-05-23 14:15:04] INFO [django.server:213] - "GET /api/images/ HTTP/1.1" 200 4195
[2025-05-23 14:15:04] INFO [django.server:213] - "GET /api/tasks/ HTTP/1.1" 200 581
[2025-05-23 14:15:05] DEBUG [tasks.tasks:150] - 已更新任务状态文件: {status_file}, 状态: {status}, 进度: {progress}%
[2025-05-23 14:15:05] INFO [tasks.tasks:617] - 任务 170 进度: 50%, 状态: processing, 已完成: 4/8
[2025-05-23 14:15:07] DEBUG [tasks.tasks:150] - 已更新任务状态文件: {status_file}, 状态: {status}, 进度: {progress}%
[2025-05-23 14:15:07] INFO [tasks.tasks:617] - 任务 170 进度: 72%, 状态: processing, 已完成: 6/8
[2025-05-23 14:15:07] DEBUG [tasks.status_updater:19] - 开始更新任务状态
[2025-05-23 14:15:07] DEBUG [tasks.status_updater:166] - 任务 170 状态已更新: processing, 进度: 72%
[2025-05-23 14:15:07] DEBUG [tasks.status_updater:171] - 任务状态更新完成，已更新 1 个任务，创建 0 个报告
[2025-05-23 14:15:07] DEBUG [tasks.views:41] - 任务状态已更新
[2025-05-23 14:15:07] INFO [django.server:213] - "GET /api/tasks/170/status/ HTTP/1.1" 200 63
[2025-05-23 14:15:09] DEBUG [tasks.tasks:150] - 已更新任务状态文件: {status_file}, 状态: {status}, 进度: {progress}%
[2025-05-23 14:15:09] INFO [tasks.tasks:604] - 任务 170 所有子任务已完成，进度: 100%
[2025-05-23 14:15:10] DEBUG [tasks.status_updater:19] - 开始更新任务状态
[2025-05-23 14:15:10] INFO [tasks.status_updater:73] - 任务 170 已完成但主目录中没有report.html，尝试从子任务目录中复制
[2025-05-23 14:15:10] INFO [tasks.status_updater:121] - 已从子目录 /Users/gszhao/code/小红书/帮忙写个前端功能/image_processing_system/backend/media/reports/task_170/img_0/task_170_img_0 复制report.html到主目录
[2025-05-23 14:15:10] INFO [tasks.status_updater:156] - 为任务 170 创建了报告记录
[2025-05-23 14:15:10] DEBUG [tasks.status_updater:166] - 任务 170 状态已更新: completed, 进度: 100%
[2025-05-23 14:15:10] DEBUG [tasks.status_updater:171] - 任务状态更新完成，已更新 1 个任务，创建 1 个报告
[2025-05-23 14:15:10] DEBUG [tasks.views:41] - 任务状态已更新
[2025-05-23 14:15:10] INFO [django.server:213] - "GET /api/tasks/170/status/ HTTP/1.1" 200 63
[2025-05-23 14:15:12] INFO [django.server:213] - "GET /api/reports/ HTTP/1.1" 200 551
[2025-05-23 14:15:12] DEBUG [tasks.status_updater:19] - 开始更新任务状态
[2025-05-23 14:15:12] DEBUG [tasks.status_updater:171] - 任务状态更新完成，已更新 0 个任务，创建 0 个报告
[2025-05-23 14:15:12] DEBUG [tasks.views:41] - 任务状态已更新
[2025-05-23 14:15:12] INFO [django.server:213] - "GET /api/tasks/ HTTP/1.1" 200 611
[2025-05-23 14:15:17] INFO [django.server:213] - "OPTIONS /api/reports/334/output_log/ HTTP/1.1" 200 0
[2025-05-23 14:15:17] INFO [reports.views:69] - 获取任务 170 的输出日志
[2025-05-23 14:15:17] INFO [django.server:213] - "GET /api/reports/334/output_log/ HTTP/1.1" 200 271
[2025-05-23 14:15:17] INFO [django.server:213] - "OPTIONS /api/reports/334/download/ HTTP/1.1" 200 0
[2025-05-23 14:15:17] INFO [django.server:213] - "GET /api/reports/334/download/ HTTP/1.1" 200 7793
[2025-05-23 14:15:17] INFO [django.server:213] - "OPTIONS /api/tasks/170/ HTTP/1.1" 200 0
[2025-05-23 14:15:17] DEBUG [tasks.status_updater:19] - 开始更新任务状态
[2025-05-23 14:15:17] DEBUG [tasks.status_updater:171] - 任务状态更新完成，已更新 0 个任务，创建 0 个报告
[2025-05-23 14:15:17] DEBUG [tasks.views:41] - 任务状态已更新
[2025-05-23 14:15:17] INFO [django.server:213] - "GET /api/tasks/170/ HTTP/1.1" 200 2367
[2025-05-23 14:15:19] INFO [django.server:213] - "GET /media/reports/task_170/img_1/task_170_img_1/report.html HTTP/1.1" 200 7789
[2025-05-23 14:15:19] INFO [django.server:213] - "GET /media/reports/task_170/img_0/task_170_img_0/report.html HTTP/1.1" 200 7793
[2025-05-23 14:15:19] INFO [django.server:213] - "GET /media/reports/task_170/img_2/task_170_img_2/report.html HTTP/1.1" 200 7801
[2025-05-23 14:15:19] INFO [django.server:213] - "GET /media/reports/task_170/img_3/task_170_img_3/report.html HTTP/1.1" 200 7806
[2025-05-23 14:15:19] INFO [django.server:213] - "GET /media/reports/task_170/img_4/task_170_img_4/report.html HTTP/1.1" 200 7812
[2025-05-23 14:15:19] INFO [django.server:213] - "GET /media/reports/task_170/img_7/task_170_img_7/report.html HTTP/1.1" 200 7807
[2025-05-23 14:15:19] INFO [django.server:213] - "GET /media/reports/task_170/img_5/task_170_img_5/report.html HTTP/1.1" 200 7809
[2025-05-23 14:15:19] INFO [django.server:213] - "GET /media/reports/task_170/img_6/task_170_img_6/report.html HTTP/1.1" 200 7807
[2025-05-23 14:15:21] INFO [django.server:213] - "GET /api/reports/334/download/ HTTP/1.1" 200 7793
[2025-05-23 14:15:21] DEBUG [tasks.status_updater:19] - 开始更新任务状态
[2025-05-23 14:15:21] DEBUG [tasks.status_updater:171] - 任务状态更新完成，已更新 0 个任务，创建 0 个报告
[2025-05-23 14:15:21] DEBUG [tasks.views:41] - 任务状态已更新
[2025-05-23 14:15:21] INFO [django.server:213] - "GET /api/tasks/170/ HTTP/1.1" 200 2367
[2025-05-23 14:15:26] INFO [django.server:213] - "GET /api/reports/334/download/ HTTP/1.1" 200 7793
[2025-05-23 14:15:26] DEBUG [tasks.status_updater:19] - 开始更新任务状态
[2025-05-23 14:15:26] DEBUG [tasks.status_updater:171] - 任务状态更新完成，已更新 0 个任务，创建 0 个报告
[2025-05-23 14:15:26] DEBUG [tasks.views:41] - 任务状态已更新
[2025-05-23 14:15:26] INFO [django.server:213] - "GET /api/tasks/170/ HTTP/1.1" 200 2367
[2025-05-23 14:15:26] INFO [django.server:213] - "GET /api/reports/334/download/ HTTP/1.1" 200 7793
[2025-05-23 14:15:26] INFO [django.server:213] - "GET /api/tasks/170/ HTTP/1.1" 200 2367
[2025-05-23 14:15:27] INFO [django.server:213] - "GET /api/reports/334/download/ HTTP/1.1" 200 7793
[2025-05-23 14:15:27] INFO [django.server:213] - "GET /api/tasks/170/ HTTP/1.1" 200 2367
